2022-04-14 17:49:17,439  INFO [TestNG-test=LoginTest-1] Maven_Saucedemo1V1:40 - browser opened
2022-04-14 17:49:21,434  INFO [TestNG-test=LoginTest-1] Maven_Saucedemo1V1:60 - URL opened
2022-04-14 17:49:22,097  INFO [TestNG-test=LoginTest-1] Maven_Saucedemo1V1:74 - user login successfully
2022-04-14 17:49:25,507  INFO [TestNG-test=LoginTest-1] Maven_Saucedemo1V1:87 - User Log out
2022-04-14 17:49:25,975  INFO [TestNG-test=LoginTest-1] Maven_Saucedemo1V1:96 - broeser closed
2022-04-14 17:52:47,670  INFO [TestNG-test=LoginTest-1] Maven_Saucedemo1V1:40 - browser opened
2022-04-14 17:52:50,879  INFO [TestNG-test=LoginTest-1] Maven_Saucedemo1V1:60 - URL opened
2022-04-14 17:52:51,436  INFO [TestNG-test=LoginTest-1] Maven_Saucedemo1V1:74 - user login successfully
2022-04-14 17:52:54,470  INFO [TestNG-test=LoginTest-1] Maven_Saucedemo1V1:49 - login scemnario case passed
2022-04-14 17:52:54,811  INFO [TestNG-test=LoginTest-1] Maven_Saucedemo1V1:87 - User Log out
2022-04-14 17:52:55,238  INFO [TestNG-test=LoginTest-1] Maven_Saucedemo1V1:96 - browser closed
2022-04-14 17:54:44,573  INFO [TestNG-test=LoginTest-1] Maven_Saucedemo1V1:40 - browser opened
2022-04-14 17:54:47,796  INFO [TestNG-test=LoginTest-1] Maven_Saucedemo1V1:60 - URL opened
2022-04-14 17:54:48,384  INFO [TestNG-test=LoginTest-1] Maven_Saucedemo1V1:74 - user login successfully
2022-04-14 17:54:51,468  INFO [TestNG-test=LoginTest-1] Maven_Saucedemo1V1:49 - login scenario case passed
2022-04-14 17:54:51,791  INFO [TestNG-test=LoginTest-1] Maven_Saucedemo1V1:87 - User Log out
2022-04-14 17:54:52,200  INFO [TestNG-test=LoginTest-1] Maven_Saucedemo1V1:96 - browser closed
2022-04-15 10:04:16,001  INFO [TestNG-test=LoginTest-1] Maven_Saucedemo1V1:40 - browser opened
2022-04-15 10:04:20,799  INFO [TestNG-test=LoginTest-1] Maven_Saucedemo1V1:60 - URL opened
2022-04-15 10:04:21,587  INFO [TestNG-test=LoginTest-1] Maven_Saucedemo1V1:74 - user login successfully
2022-04-15 10:04:24,691  INFO [TestNG-test=LoginTest-1] Maven_Saucedemo1V1:40 - login scenario case passed
2022-04-15 10:04:25,077  INFO [TestNG-test=LoginTest-1] Maven_Saucedemo1V1:87 - User Log out
2022-04-15 10:04:25,496  INFO [TestNG-test=LoginTest-1] Maven_Saucedemo1V1:96 - browser closed
2022-04-15 13:16:44,548  INFO [TestNG-test=Test2-1] Maven_Saucedemo1V1:40 - browser opened
2022-04-15 13:16:44,549  INFO [TestNG-test=Test2-5] Maven_Saucedemo1V1:40 - browser opened
2022-04-15 13:16:44,549  INFO [TestNG-test=Test2-2] Maven_Saucedemo1V1:40 - browser opened
2022-04-15 13:16:44,548  INFO [TestNG-test=Test2-4] Maven_Saucedemo1V1:40 - browser opened
2022-04-15 13:16:44,582  INFO [TestNG-test=Test2-3] Maven_Saucedemo1V1:40 - browser opened
2022-04-15 13:16:52,606  INFO [TestNG-test=Test2-2] Maven_Saucedemo1V1:60 - URL opened
2022-04-15 13:16:52,687  INFO [TestNG-test=Test2-5] Maven_Saucedemo1V1:60 - URL opened
2022-04-15 13:16:52,687  INFO [TestNG-test=Test2-4] Maven_Saucedemo1V1:60 - URL opened
2022-04-15 13:16:52,704  INFO [TestNG-test=Test2-3] Maven_Saucedemo1V1:60 - URL opened
2022-04-15 13:16:52,713  INFO [TestNG-test=Test2-1] Maven_Saucedemo1V1:60 - URL opened
2022-04-15 13:16:53,905  INFO [TestNG-test=Test2-3] Maven_Saucedemo1V1:74 - user login successfully
2022-04-15 13:16:53,944  INFO [TestNG-test=Test2-5] Maven_Saucedemo1V1:74 - user login successfully
2022-04-15 13:16:54,040  INFO [TestNG-test=Test2-4] Maven_Saucedemo1V1:74 - user login successfully
2022-04-15 13:16:54,307  INFO [TestNG-test=Test2-1] Maven_Saucedemo1V1:74 - user login successfully
2022-04-15 13:16:54,401  INFO [TestNG-test=Test2-2] Maven_Saucedemo1V1:74 - user login successfully
2022-04-15 13:16:57,456  INFO [TestNG-test=Test2-1] Maven_Saucedemo1V1:38 - login scenario case passed
2022-04-15 13:16:58,344  INFO [TestNG-test=Test2-1] Maven_Saucedemo1V1:87 - User Log out
2022-04-15 13:16:59,733  INFO [TestNG-test=Test2-4] Maven_Saucedemo1V1:87 - User Log out
2022-04-15 13:17:00,144  INFO [TestNG-test=Test2-3] Maven_Saucedemo1V1:70 - case passed
2022-04-15 13:17:00,411  INFO [TestNG-test=Test2-3] Maven_Saucedemo1V1:87 - User Log out
2022-04-15 13:17:01,083  INFO [TestNG-test=Test2-2] Maven_Saucedemo1V1:87 - User Log out
2022-04-15 13:17:02,934  INFO [TestNG-test=Test2-5] Maven_Saucedemo1V1:58 - case passed
2022-04-15 13:17:02,939  INFO [TestNG-test=Test2-3] Maven_Saucedemo1V1:96 - browser closed
2022-04-15 13:17:03,200  INFO [TestNG-test=Test2-5] Maven_Saucedemo1V1:87 - User Log out
2022-04-15 13:17:03,548  INFO [TestNG-test=Test2-1] Maven_Saucedemo1V1:96 - browser closed
2022-04-15 13:17:03,774  INFO [TestNG-test=Test2-5] Maven_Saucedemo1V1:74 - user login successfully
2022-04-15 13:17:04,364  INFO [TestNG-test=Test2-4] Maven_Saucedemo1V1:96 - browser closed
2022-04-15 13:17:05,085  INFO [TestNG-test=Test2-3] Maven_Saucedemo1V1:40 - browser opened
2022-04-15 13:17:05,221  INFO [TestNG-test=Test2-2] Maven_Saucedemo1V1:96 - browser closed
2022-04-15 13:17:09,535  INFO [TestNG-test=Test2-3] Maven_Saucedemo1V1:60 - URL opened
2022-04-15 13:17:10,552  INFO [TestNG-test=Test2-3] Maven_Saucedemo1V1:74 - user login successfully
2022-04-15 13:17:11,068  INFO [TestNG-test=Test2-5] Maven_Saucedemo1V1:78 - case passed
2022-04-15 13:17:11,390  INFO [TestNG-test=Test2-5] Maven_Saucedemo1V1:87 - User Log out
2022-04-15 13:17:11,741  INFO [TestNG-test=Test2-5] Maven_Saucedemo1V1:96 - browser closed
2022-04-15 13:17:26,543  INFO [TestNG-test=Test2-3] Maven_Saucedemo1V1:40 - case passed
2022-04-15 13:17:26,769  INFO [TestNG-test=Test2-3] Maven_Saucedemo1V1:87 - User Log out
2022-04-15 13:17:27,250  INFO [TestNG-test=Test2-3] Maven_Saucedemo1V1:96 - browser closed
2022-04-15 13:23:24,881  INFO [TestNG-test=Test2-2] Maven_Saucedemo1V1:40 - browser opened
2022-04-15 13:23:25,330  INFO [TestNG-test=Test2-3] Maven_Saucedemo1V1:40 - browser opened
2022-04-15 13:23:25,418  INFO [TestNG-test=Test2-1] Maven_Saucedemo1V1:40 - browser opened
2022-04-15 13:23:30,506  INFO [TestNG-test=Test2-2] Maven_Saucedemo1V1:60 - URL opened
2022-04-15 13:23:30,644  INFO [TestNG-test=Test2-1] Maven_Saucedemo1V1:60 - URL opened
2022-04-15 13:23:30,799  INFO [TestNG-test=Test2-3] Maven_Saucedemo1V1:60 - URL opened
2022-04-15 13:23:31,400  INFO [TestNG-test=Test2-2] Maven_Saucedemo1V1:74 - user login successfully
2022-04-15 13:23:31,544  INFO [TestNG-test=Test2-1] Maven_Saucedemo1V1:74 - user login successfully
2022-04-15 13:23:31,645  INFO [TestNG-test=Test2-3] Maven_Saucedemo1V1:74 - user login successfully
2022-04-15 13:23:36,332  INFO [TestNG-test=Test2-1] Maven_Saucedemo1V1:96 - browser closed
2022-04-15 13:23:39,376  INFO [TestNG-test=Test2-2] Maven_Saucedemo1V1:58 - case passed
2022-04-15 13:23:39,697  INFO [TestNG-test=Test2-2] Maven_Saucedemo1V1:87 - User Log out
2022-04-15 13:23:40,171  INFO [TestNG-test=Test2-2] Maven_Saucedemo1V1:74 - user login successfully
2022-04-15 13:23:47,324  INFO [TestNG-test=Test2-2] Maven_Saucedemo1V1:78 - case passed
2022-04-15 13:23:47,597  INFO [TestNG-test=Test2-2] Maven_Saucedemo1V1:87 - User Log out
2022-04-15 13:23:47,866  INFO [TestNG-test=Test2-3] Maven_Saucedemo1V1:40 - case passed
2022-04-15 13:23:48,093  INFO [TestNG-test=Test2-3] Maven_Saucedemo1V1:87 - User Log out
2022-04-15 13:23:48,487  INFO [TestNG-test=Test2-2] Maven_Saucedemo1V1:96 - browser closed
2022-04-15 13:23:48,497  INFO [TestNG-test=Test2-3] Maven_Saucedemo1V1:96 - browser closed
2022-04-15 13:32:37,035  INFO [TestNG-test=Test2-1] Maven_Saucedemo1V1:40 - browser opened
2022-04-15 13:32:37,810  INFO [TestNG-test=Test2-3] Maven_Saucedemo1V1:40 - browser opened
2022-04-15 13:32:37,811  INFO [TestNG-test=Test2-2] Maven_Saucedemo1V1:40 - browser opened
2022-04-15 13:32:41,279  INFO [TestNG-test=Test2-2] Maven_Saucedemo1V1:60 - URL opened
2022-04-15 13:32:42,109  INFO [TestNG-test=Test2-2] Maven_Saucedemo1V1:74 - user login successfully
2022-04-15 13:32:42,250  INFO [TestNG-test=Test2-1] Maven_Saucedemo1V1:60 - URL opened
2022-04-15 13:32:42,762  INFO [TestNG-test=Test2-1] Maven_Saucedemo1V1:74 - user login successfully
2022-04-15 13:32:43,432  INFO [TestNG-test=Test2-3] Maven_Saucedemo1V1:60 - URL opened
2022-04-15 13:32:44,055  INFO [TestNG-test=Test2-3] Maven_Saucedemo1V1:74 - user login successfully
2022-04-15 13:32:46,394  INFO [TestNG-test=Test2-1] Maven_Saucedemo1V1:96 - browser closed
2022-04-15 13:32:50,213  INFO [TestNG-test=Test2-2] Maven_Saucedemo1V1:58 - case passed
2022-04-15 13:32:50,440  INFO [TestNG-test=Test2-2] Maven_Saucedemo1V1:87 - User Log out
2022-04-15 13:32:50,847  INFO [TestNG-test=Test2-2] Maven_Saucedemo1V1:74 - user login successfully
2022-04-15 13:32:57,994  INFO [TestNG-test=Test2-2] Maven_Saucedemo1V1:78 - case passed
2022-04-15 13:32:58,249  INFO [TestNG-test=Test2-2] Maven_Saucedemo1V1:87 - User Log out
2022-04-15 13:32:59,506  INFO [TestNG-test=Test2-2] Maven_Saucedemo1V1:96 - browser closed
2022-04-15 13:33:00,080  INFO [TestNG-test=Test2-3] Maven_Saucedemo1V1:40 - case passed
2022-04-15 13:33:00,278  INFO [TestNG-test=Test2-3] Maven_Saucedemo1V1:87 - User Log out
2022-04-15 13:33:01,136  INFO [TestNG-test=Test2-3] Maven_Saucedemo1V1:96 - browser closed
2022-04-15 13:34:12,825  INFO [TestNG-test=Test2-1] Maven_Saucedemo1V1:40 - browser opened
2022-04-15 13:34:12,844  INFO [TestNG-test=Test2-2] Maven_Saucedemo1V1:40 - browser opened
2022-04-15 13:34:12,906  INFO [TestNG-test=Test2-3] Maven_Saucedemo1V1:40 - browser opened
2022-04-15 13:34:19,181  INFO [TestNG-test=Test2-1] Maven_Saucedemo1V1:60 - URL opened
2022-04-15 13:34:19,192  INFO [TestNG-test=Test2-3] Maven_Saucedemo1V1:60 - URL opened
2022-04-15 13:34:19,197  INFO [TestNG-test=Test2-2] Maven_Saucedemo1V1:60 - URL opened
2022-04-15 13:34:20,071  INFO [TestNG-test=Test2-1] Maven_Saucedemo1V1:74 - user login successfully
2022-04-15 13:34:20,140  INFO [TestNG-test=Test2-2] Maven_Saucedemo1V1:74 - user login successfully
2022-04-15 13:34:20,212  INFO [TestNG-test=Test2-3] Maven_Saucedemo1V1:74 - user login successfully
2022-04-15 13:34:23,239  INFO [TestNG-test=Test2-1] Maven_Saucedemo1V1:38 - login scenario case passed
2022-04-15 13:34:23,672  INFO [TestNG-test=Test2-1] Maven_Saucedemo1V1:87 - User Log out
2022-04-15 13:34:24,563  INFO [TestNG-test=Test2-1] Maven_Saucedemo1V1:96 - browser closed
2022-04-15 13:34:28,213  INFO [TestNG-test=Test2-2] Maven_Saucedemo1V1:58 - case passed
2022-04-15 13:34:28,457  INFO [TestNG-test=Test2-2] Maven_Saucedemo1V1:87 - User Log out
2022-04-15 13:34:28,935  INFO [TestNG-test=Test2-2] Maven_Saucedemo1V1:74 - user login successfully
2022-04-15 13:34:36,154  INFO [TestNG-test=Test2-2] Maven_Saucedemo1V1:78 - case passed
2022-04-15 13:34:36,332  INFO [TestNG-test=Test2-3] Maven_Saucedemo1V1:40 - case passed
2022-04-15 13:34:36,391  INFO [TestNG-test=Test2-2] Maven_Saucedemo1V1:87 - User Log out
2022-04-15 13:34:36,652  INFO [TestNG-test=Test2-3] Maven_Saucedemo1V1:87 - User Log out
2022-04-15 13:34:37,053  INFO [TestNG-test=Test2-2] Maven_Saucedemo1V1:96 - browser closed
2022-04-15 13:34:37,120  INFO [TestNG-test=Test2-3] Maven_Saucedemo1V1:96 - browser closed
2022-04-15 13:41:45,213  INFO [TestNG-test=Test2-1] Maven_Saucedemo1V1:40 - browser opened
2022-04-15 13:41:49,627  INFO [TestNG-test=Test2-1] Maven_Saucedemo1V1:60 - URL opened
2022-04-15 13:41:50,199  INFO [TestNG-test=Test2-1] Maven_Saucedemo1V1:74 - user login successfully
2022-04-15 13:41:53,297  INFO [TestNG-test=Test2-1] Maven_Saucedemo1V1:38 - login scenario case passed
2022-04-15 13:41:53,576  INFO [TestNG-test=Test2-1] Maven_Saucedemo1V1:87 - User Log out
2022-04-15 13:41:53,886  INFO [TestNG-test=Test2-1] Maven_Saucedemo1V1:96 - browser closed
2022-04-15 13:45:13,766  INFO [TestNG-test=Test2-1] Maven_Saucedemo1V1:40 - browser opened
2022-04-15 13:45:17,992  INFO [TestNG-test=Test2-1] Maven_Saucedemo1V1:60 - URL opened
2022-04-15 13:45:18,568  INFO [TestNG-test=Test2-1] Maven_Saucedemo1V1:74 - user login successfully
2022-04-15 13:45:21,957  INFO [TestNG-test=Test2-1] Maven_Saucedemo1V1:87 - User Log out
2022-04-15 13:45:22,309  INFO [TestNG-test=Test2-1] Maven_Saucedemo1V1:96 - browser closed
2022-04-15 13:46:28,395  INFO [TestNG-test=Test2-1] Maven_Saucedemo1V1:40 - browser opened
2022-04-15 13:46:32,772  INFO [TestNG-test=Test2-1] Maven_Saucedemo1V1:60 - URL opened
2022-04-15 13:46:33,324  INFO [TestNG-test=Test2-1] Maven_Saucedemo1V1:74 - user login successfully
2022-04-15 13:46:36,416  INFO [TestNG-test=Test2-1] Maven_Saucedemo1V1:35 - login scenario case passed
2022-04-15 13:46:36,732  INFO [TestNG-test=Test2-1] Maven_Saucedemo1V1:87 - User Log out
2022-04-15 13:46:37,045  INFO [TestNG-test=Test2-1] Maven_Saucedemo1V1:96 - browser closed
2022-04-16 09:52:49,965  INFO [TestNG-test=AllTest-2] Maven_Saucedemo1V1:40 - browser opened
2022-04-16 09:52:50,054  INFO [TestNG-test=AllTest-4] Maven_Saucedemo1V1:40 - browser opened
2022-04-16 09:52:50,060  INFO [TestNG-test=AllTest-1] Maven_Saucedemo1V1:40 - browser opened
2022-04-16 09:52:50,096  INFO [TestNG-test=AllTest-3] Maven_Saucedemo1V1:40 - browser opened
2022-04-16 09:52:58,984  INFO [TestNG-test=AllTest-2] Maven_Saucedemo1V1:60 - URL opened
2022-04-16 09:52:59,342  INFO [TestNG-test=AllTest-4] Maven_Saucedemo1V1:60 - URL opened
2022-04-16 09:52:59,349  INFO [TestNG-test=AllTest-3] Maven_Saucedemo1V1:60 - URL opened
2022-04-16 09:52:59,359  INFO [TestNG-test=AllTest-1] Maven_Saucedemo1V1:60 - URL opened
2022-04-16 09:53:00,066  INFO [TestNG-test=AllTest-2] Maven_Saucedemo1V1:72 - credential passed
2022-04-16 09:53:00,067  INFO [TestNG-test=AllTest-2] Maven_Saucedemo1V1:73 - user login successfully
2022-04-16 09:53:00,639  INFO [TestNG-test=AllTest-3] Maven_Saucedemo1V1:72 - credential passed
2022-04-16 09:53:00,640  INFO [TestNG-test=AllTest-3] Maven_Saucedemo1V1:73 - user login successfully
2022-04-16 09:53:00,658  INFO [TestNG-test=AllTest-1] Maven_Saucedemo1V1:72 - credential passed
2022-04-16 09:53:00,660  INFO [TestNG-test=AllTest-1] Maven_Saucedemo1V1:73 - user login successfully
2022-04-16 09:53:00,732  INFO [TestNG-test=AllTest-4] Maven_Saucedemo1V1:72 - credential passed
2022-04-16 09:53:00,734  INFO [TestNG-test=AllTest-4] Maven_Saucedemo1V1:73 - user login successfully
2022-04-16 09:53:04,674  INFO [TestNG-test=AllTest-4] Maven_Saucedemo1V1:27 - clicked on filter
2022-04-16 09:53:04,675  INFO [TestNG-test=AllTest-4] Maven_Saucedemo1V1:28 - Price low to high
2022-04-16 09:53:04,733  INFO [TestNG-test=AllTest-3] Maven_Saucedemo1V1:27 - clicked on filter
2022-04-16 09:53:04,734  INFO [TestNG-test=AllTest-3] Maven_Saucedemo1V1:28 - Price low to high
2022-04-16 09:53:04,742  INFO [TestNG-test=AllTest-1] Maven_Saucedemo1V1:43 - clicked on filter
2022-04-16 09:53:04,743  INFO [TestNG-test=AllTest-1] Maven_Saucedemo1V1:44 - Price low to high
2022-04-16 09:53:04,845  INFO [TestNG-test=AllTest-4] Maven_Saucedemo1V1:31 - red t-shirt added to cart
2022-04-16 09:53:04,898  INFO [TestNG-test=AllTest-3] Maven_Saucedemo1V1:31 - red t-shirt added to cart
2022-04-16 09:53:04,931  INFO [TestNG-test=AllTest-1] Maven_Saucedemo1V1:47 - red t-shirt added to cart
2022-04-16 09:53:05,073  INFO [TestNG-test=AllTest-3] Maven_Saucedemo1V1:34 - clicked on cart icon
2022-04-16 09:53:05,074  INFO [TestNG-test=AllTest-3] Maven_Saucedemo1V1:35 - moved to your cart
2022-04-16 09:53:05,108  INFO [TestNG-test=AllTest-4] Maven_Saucedemo1V1:34 - clicked on cart icon
2022-04-16 09:53:05,109  INFO [TestNG-test=AllTest-4] Maven_Saucedemo1V1:35 - moved to your cart
2022-04-16 09:53:05,336  INFO [TestNG-test=AllTest-3] Maven_Saucedemo1V1:40 - clicked on checkout
2022-04-16 09:53:05,337  INFO [TestNG-test=AllTest-3] Maven_Saucedemo1V1:41 - move to your info page
2022-04-16 09:53:05,338  INFO [TestNG-test=AllTest-4] Maven_Saucedemo1V1:40 - clicked on checkout
2022-04-16 09:53:05,339  INFO [TestNG-test=AllTest-4] Maven_Saucedemo1V1:41 - move to your info page
2022-04-16 09:53:05,620  INFO [TestNG-test=AllTest-4] Maven_Saucedemo1V1:46 - order cancelled
2022-04-16 09:53:05,735  INFO [TestNG-test=AllTest-3] Maven_Saucedemo1V1:47 - Fn entered
2022-04-16 09:53:05,952  INFO [TestNG-test=AllTest-3] Maven_Saucedemo1V1:50 - Ln entered
2022-04-16 09:53:06,487  INFO [TestNG-test=AllTest-3] Maven_Saucedemo1V1:53 - zip code entered
2022-04-16 09:53:06,546  INFO [TestNG-test=AllTest-4] Maven_Saucedemo1V1:85 - User Log out
2022-04-16 09:53:06,882  INFO [TestNG-test=AllTest-3] Maven_Saucedemo1V1:56 - clicked on continue button
2022-04-16 09:53:06,882  INFO [TestNG-test=AllTest-3] Maven_Saucedemo1V1:57 - moved to Overview page
2022-04-16 09:53:07,046  INFO [TestNG-test=AllTest-3] Maven_Saucedemo1V1:63 - order cancelled
2022-04-16 09:53:07,114  INFO [TestNG-test=AllTest-3] Maven_Saucedemo1V1:69 - cancel function case passed
2022-04-16 09:53:07,445  INFO [TestNG-test=AllTest-3] Maven_Saucedemo1V1:85 - User Log out
2022-04-16 09:53:08,876  INFO [TestNG-test=AllTest-4] Maven_Saucedemo1V1:93 - browser closed
2022-04-16 09:53:09,005  INFO [TestNG-test=AllTest-1] Maven_Saucedemo1V1:52 - text is -REMOVE
2022-04-16 09:53:09,122  INFO [TestNG-test=AllTest-3] Maven_Saucedemo1V1:93 - browser closed
2022-04-16 09:53:09,255  INFO [TestNG-test=AllTest-1] Maven_Saucedemo1V1:85 - User Log out
2022-04-16 09:53:10,309  INFO [TestNG-test=AllTest-1] Maven_Saucedemo1V1:72 - credential passed
2022-04-16 09:53:10,310  INFO [TestNG-test=AllTest-1] Maven_Saucedemo1V1:73 - user login successfully
2022-04-16 09:53:12,115  INFO [TestNG-test=AllTest-3] Maven_Saucedemo1V1:40 - browser opened
2022-04-16 09:53:12,392  INFO [TestNG-test=AllTest-4] Maven_Saucedemo1V1:40 - browser opened
2022-04-16 09:53:17,312  INFO [TestNG-test=AllTest-2] Maven_Saucedemo1V1:26 - all products added to cart
2022-04-16 09:53:17,370  INFO [TestNG-test=AllTest-2] Maven_Saucedemo1V1:32 - case passed
2022-04-16 09:53:17,524  INFO [TestNG-test=AllTest-1] Maven_Saucedemo1V1:71 - clicked on cart icon and moved to your cart
2022-04-16 09:53:17,550  INFO [TestNG-test=AllTest-1] Maven_Saucedemo1V1:78 - case passed
2022-04-16 09:53:17,786  INFO [TestNG-test=AllTest-2] Maven_Saucedemo1V1:85 - User Log out
2022-04-16 09:53:17,863  INFO [TestNG-test=AllTest-1] Maven_Saucedemo1V1:85 - User Log out
2022-04-16 09:53:18,119  INFO [TestNG-test=AllTest-2] Maven_Saucedemo1V1:93 - browser closed
2022-04-16 09:53:19,997  INFO [TestNG-test=AllTest-2] Maven_Saucedemo1V1:40 - browser opened
2022-04-16 09:53:20,313  INFO [TestNG-test=AllTest-1] Maven_Saucedemo1V1:93 - browser closed
2022-04-16 09:53:20,388  INFO [TestNG-test=AllTest-4] Maven_Saucedemo1V1:60 - URL opened
2022-04-16 09:53:20,387  INFO [TestNG-test=AllTest-3] Maven_Saucedemo1V1:60 - URL opened
2022-04-16 09:53:21,661  INFO [TestNG-test=AllTest-3] Maven_Saucedemo1V1:72 - credential passed
2022-04-16 09:53:21,662  INFO [TestNG-test=AllTest-3] Maven_Saucedemo1V1:73 - user login successfully
2022-04-16 09:53:21,683  INFO [TestNG-test=AllTest-4] Maven_Saucedemo1V1:72 - credential passed
2022-04-16 09:53:21,684  INFO [TestNG-test=AllTest-4] Maven_Saucedemo1V1:73 - user login successfully
2022-04-16 09:53:23,560  INFO [TestNG-test=AllTest-1] Maven_Saucedemo1V1:40 - browser opened
2022-04-16 09:53:25,100  INFO [TestNG-test=AllTest-4] Maven_Saucedemo1V1:32 - clicked on filter
2022-04-16 09:53:25,101  INFO [TestNG-test=AllTest-4] Maven_Saucedemo1V1:33 - Price low to high
2022-04-16 09:53:25,124  INFO [TestNG-test=AllTest-3] Maven_Saucedemo1V1:26 - clicked on filter
2022-04-16 09:53:25,125  INFO [TestNG-test=AllTest-3] Maven_Saucedemo1V1:27 - Price low to high
2022-04-16 09:53:25,191  INFO [TestNG-test=AllTest-4] Maven_Saucedemo1V1:36 - red t-shirt added to cart
2022-04-16 09:53:25,233  INFO [TestNG-test=AllTest-3] Maven_Saucedemo1V1:30 - red t-shirt added to cart
2022-04-16 09:53:25,328  INFO [TestNG-test=AllTest-4] Maven_Saucedemo1V1:39 - clicked on cart icon and moved to your cart
2022-04-16 09:53:25,366  INFO [TestNG-test=AllTest-3] Maven_Saucedemo1V1:33 - clicked on cart icon
2022-04-16 09:53:25,367  INFO [TestNG-test=AllTest-3] Maven_Saucedemo1V1:34 - moved to your cart page
2022-04-16 09:53:25,448  INFO [TestNG-test=AllTest-4] Maven_Saucedemo1V1:45 - clicked on checkout
2022-04-16 09:53:25,513  INFO [TestNG-test=AllTest-3] Maven_Saucedemo1V1:38 - clicked on continue shopping
2022-04-16 09:53:25,525  INFO [TestNG-test=AllTest-3] Maven_Saucedemo1V1:44 - continue shopping case passed
2022-04-16 09:53:25,735  INFO [TestNG-test=AllTest-4] Maven_Saucedemo1V1:85 - User Log out
2022-04-16 09:53:25,779  INFO [TestNG-test=AllTest-3] Maven_Saucedemo1V1:85 - User Log out
2022-04-16 09:53:27,938  INFO [TestNG-test=AllTest-3] Maven_Saucedemo1V1:93 - browser closed
2022-04-16 09:53:30,462  INFO [TestNG-test=AllTest-4] Maven_Saucedemo1V1:93 - browser closed
2022-04-16 09:53:30,778  INFO [TestNG-test=AllTest-3] Maven_Saucedemo1V1:40 - browser opened
2022-04-16 09:53:31,161  INFO [TestNG-test=AllTest-2] Maven_Saucedemo1V1:60 - URL opened
2022-04-16 09:53:31,788  INFO [TestNG-test=AllTest-1] Maven_Saucedemo1V1:60 - URL opened
2022-04-16 09:53:31,794  INFO [TestNG-test=AllTest-2] Maven_Saucedemo1V1:72 - credential passed
2022-04-16 09:53:31,795  INFO [TestNG-test=AllTest-2] Maven_Saucedemo1V1:73 - user login successfully
2022-04-16 09:53:32,433  INFO [TestNG-test=AllTest-1] Maven_Saucedemo1V1:72 - credential passed
2022-04-16 09:53:32,433  INFO [TestNG-test=AllTest-1] Maven_Saucedemo1V1:73 - user login successfully
2022-04-16 09:53:34,714  INFO [TestNG-test=AllTest-4] Maven_Saucedemo1V1:40 - browser opened
2022-04-16 09:53:35,248  INFO [TestNG-test=AllTest-2] Maven_Saucedemo1V1:28 - clicked on filter
2022-04-16 09:53:35,249  INFO [TestNG-test=AllTest-2] Maven_Saucedemo1V1:29 - Price low to high
2022-04-16 09:53:35,366  INFO [TestNG-test=AllTest-2] Maven_Saucedemo1V1:32 - red t-shirt added to cart
2022-04-16 09:53:35,573  INFO [TestNG-test=AllTest-2] Maven_Saucedemo1V1:35 - clicked on cart icon
2022-04-16 09:53:35,574  INFO [TestNG-test=AllTest-2] Maven_Saucedemo1V1:36 - moved to your cart
2022-04-16 09:53:35,733  INFO [TestNG-test=AllTest-2] Maven_Saucedemo1V1:42 - clicked on checkout
2022-04-16 09:53:35,739  INFO [TestNG-test=AllTest-2] Maven_Saucedemo1V1:43 - move to your info page
2022-04-16 09:53:35,912  INFO [TestNG-test=AllTest-2] Maven_Saucedemo1V1:49 - Fn entered
2022-04-16 09:53:35,977  INFO [TestNG-test=AllTest-1] Maven_Saucedemo1V1:29 - clicked on filter
2022-04-16 09:53:35,978  INFO [TestNG-test=AllTest-1] Maven_Saucedemo1V1:30 - Price low to high
2022-04-16 09:53:36,110  INFO [TestNG-test=AllTest-2] Maven_Saucedemo1V1:52 - Ln entered
2022-04-16 09:53:36,124  INFO [TestNG-test=AllTest-1] Maven_Saucedemo1V1:33 - red t-shirt added to cart
2022-04-16 09:53:36,262  INFO [TestNG-test=AllTest-1] Maven_Saucedemo1V1:36 - clicked on cart icon
2022-04-16 09:53:36,262  INFO [TestNG-test=AllTest-1] Maven_Saucedemo1V1:37 - moved to your cart
2022-04-16 09:53:36,335  INFO [TestNG-test=AllTest-2] Maven_Saucedemo1V1:55 - zip code entered
2022-04-16 09:53:36,405  INFO [TestNG-test=AllTest-1] Maven_Saucedemo1V1:42 - clicked on checkout
2022-04-16 09:53:36,406  INFO [TestNG-test=AllTest-1] Maven_Saucedemo1V1:43 - move to your info page
2022-04-16 09:53:36,483  INFO [TestNG-test=AllTest-2] Maven_Saucedemo1V1:58 - clicked on continue button
2022-04-16 09:53:36,484  INFO [TestNG-test=AllTest-2] Maven_Saucedemo1V1:59 - moved to Overview page
2022-04-16 09:53:36,495  INFO [TestNG-test=AllTest-2] Maven_Saucedemo1V1:65 - your info continue passed
2022-04-16 09:53:36,568  INFO [TestNG-test=AllTest-1] Maven_Saucedemo1V1:49 - Fn entered
2022-04-16 09:53:36,700  INFO [TestNG-test=AllTest-1] Maven_Saucedemo1V1:52 - Ln entered
2022-04-16 09:53:36,764  INFO [TestNG-test=AllTest-2] Maven_Saucedemo1V1:85 - User Log out
2022-04-16 09:53:36,841  INFO [TestNG-test=AllTest-1] Maven_Saucedemo1V1:55 - zip code entered
2022-04-16 09:53:36,961  INFO [TestNG-test=AllTest-1] Maven_Saucedemo1V1:58 - clicked on continue button
2022-04-16 09:53:36,962  INFO [TestNG-test=AllTest-1] Maven_Saucedemo1V1:59 - moved to Overview page
2022-04-16 09:53:37,246  INFO [TestNG-test=AllTest-1] Maven_Saucedemo1V1:64 - order placed
2022-04-16 09:53:37,257  INFO [TestNG-test=AllTest-1] Maven_Saucedemo1V1:70 - case passed
2022-04-16 09:53:37,516  INFO [TestNG-test=AllTest-1] Maven_Saucedemo1V1:85 - User Log out
2022-04-16 09:53:37,721  INFO [TestNG-test=AllTest-2] Maven_Saucedemo1V1:93 - browser closed
2022-04-16 09:53:38,759  INFO [TestNG-test=AllTest-1] Maven_Saucedemo1V1:93 - browser closed
2022-04-16 09:53:39,911  INFO [TestNG-test=AllTest-3] Maven_Saucedemo1V1:60 - URL opened
2022-04-16 09:53:40,446  INFO [TestNG-test=AllTest-2] Maven_Saucedemo1V1:40 - browser opened
2022-04-16 09:53:40,524  INFO [TestNG-test=AllTest-3] Maven_Saucedemo1V1:72 - credential passed
2022-04-16 09:53:40,524  INFO [TestNG-test=AllTest-3] Maven_Saucedemo1V1:73 - user login successfully
2022-04-16 09:53:43,315  INFO [TestNG-test=AllTest-4] Maven_Saucedemo1V1:60 - URL opened
2022-04-16 09:53:43,861  INFO [TestNG-test=AllTest-3] Maven_Saucedemo1V1:35 - login scenario case passed
2022-04-16 09:53:43,934  INFO [TestNG-test=AllTest-1] Maven_Saucedemo1V1:40 - browser opened
2022-04-16 09:53:44,179  INFO [TestNG-test=AllTest-3] Maven_Saucedemo1V1:85 - User Log out
2022-04-16 09:53:44,471  INFO [TestNG-test=AllTest-4] Maven_Saucedemo1V1:72 - credential passed
2022-04-16 09:53:44,471  INFO [TestNG-test=AllTest-4] Maven_Saucedemo1V1:73 - user login successfully
2022-04-16 09:53:45,805  INFO [TestNG-test=AllTest-3] Maven_Saucedemo1V1:93 - browser closed
2022-04-16 09:53:48,042  INFO [TestNG-test=AllTest-3] Maven_Saucedemo1V1:40 - browser opened
2022-04-16 09:53:48,441  INFO [TestNG-test=AllTest-4] Maven_Saucedemo1V1:29 - clicked on filter
2022-04-16 09:53:48,442  INFO [TestNG-test=AllTest-4] Maven_Saucedemo1V1:30 - Price low to high
2022-04-16 09:53:48,525  INFO [TestNG-test=AllTest-4] Maven_Saucedemo1V1:33 - red t-shirt added to cart
2022-04-16 09:53:48,623  INFO [TestNG-test=AllTest-4] Maven_Saucedemo1V1:36 - clicked on cart icon
2022-04-16 09:53:48,623  INFO [TestNG-test=AllTest-4] Maven_Saucedemo1V1:37 - moved to your cart
2022-04-16 09:53:48,720  INFO [TestNG-test=AllTest-4] Maven_Saucedemo1V1:42 - clicked on checkout
2022-04-16 09:53:48,721  INFO [TestNG-test=AllTest-4] Maven_Saucedemo1V1:43 - move to your info page
2022-04-16 09:53:48,857  INFO [TestNG-test=AllTest-4] Maven_Saucedemo1V1:49 - Fn entered
2022-04-16 09:53:49,046  INFO [TestNG-test=AllTest-4] Maven_Saucedemo1V1:52 - Ln entered
2022-04-16 09:53:49,274  INFO [TestNG-test=AllTest-4] Maven_Saucedemo1V1:55 - zip code entered
2022-04-16 09:53:49,454  INFO [TestNG-test=AllTest-4] Maven_Saucedemo1V1:58 - clicked on continue button
2022-04-16 09:53:49,455  INFO [TestNG-test=AllTest-4] Maven_Saucedemo1V1:59 - moved to Overview page
2022-04-16 09:53:49,675  INFO [TestNG-test=AllTest-4] Maven_Saucedemo1V1:64 - order placed
2022-04-16 09:53:49,877  INFO [TestNG-test=AllTest-4] Maven_Saucedemo1V1:75 - order complete case passed
2022-04-16 09:53:50,191  INFO [TestNG-test=AllTest-4] Maven_Saucedemo1V1:85 - User Log out
2022-04-16 09:53:50,787  INFO [TestNG-test=AllTest-2] Maven_Saucedemo1V1:60 - URL opened
2022-04-16 09:53:51,248  INFO [TestNG-test=AllTest-2] Maven_Saucedemo1V1:72 - credential passed
2022-04-16 09:53:51,248  INFO [TestNG-test=AllTest-2] Maven_Saucedemo1V1:73 - user login successfully
2022-04-16 09:53:53,080  INFO [TestNG-test=AllTest-1] Maven_Saucedemo1V1:60 - URL opened
2022-04-16 09:53:53,578  INFO [TestNG-test=AllTest-1] Maven_Saucedemo1V1:72 - credential passed
2022-04-16 09:53:53,578  INFO [TestNG-test=AllTest-1] Maven_Saucedemo1V1:73 - user login successfully
2022-04-16 09:53:54,936  INFO [TestNG-test=AllTest-2] Maven_Saucedemo1V1:29 - clicked on filter
2022-04-16 09:53:54,936  INFO [TestNG-test=AllTest-2] Maven_Saucedemo1V1:30 - Price low to high
2022-04-16 09:53:55,003  INFO [TestNG-test=AllTest-2] Maven_Saucedemo1V1:33 - red t-shirt added to cart
2022-04-16 09:53:55,120  INFO [TestNG-test=AllTest-2] Maven_Saucedemo1V1:36 - clicked on cart icon
2022-04-16 09:53:55,121  INFO [TestNG-test=AllTest-2] Maven_Saucedemo1V1:37 - moved to your cart
2022-04-16 09:53:55,239  INFO [TestNG-test=AllTest-2] Maven_Saucedemo1V1:42 - clicked on checkout
2022-04-16 09:53:55,240  INFO [TestNG-test=AllTest-2] Maven_Saucedemo1V1:43 - move to your info page
2022-04-16 09:53:55,335  INFO [TestNG-test=AllTest-2] Maven_Saucedemo1V1:49 - Fn entered
2022-04-16 09:53:55,468  INFO [TestNG-test=AllTest-2] Maven_Saucedemo1V1:52 - Ln entered
2022-04-16 09:53:55,593  INFO [TestNG-test=AllTest-2] Maven_Saucedemo1V1:55 - zip code entered
2022-04-16 09:53:55,706  INFO [TestNG-test=AllTest-2] Maven_Saucedemo1V1:58 - clicked on continue button
2022-04-16 09:53:55,707  INFO [TestNG-test=AllTest-2] Maven_Saucedemo1V1:59 - moved to Overview page
2022-04-16 09:53:55,943  INFO [TestNG-test=AllTest-2] Maven_Saucedemo1V1:76 - Order complete test passed
2022-04-16 09:53:56,262  INFO [TestNG-test=AllTest-2] Maven_Saucedemo1V1:85 - User Log out
2022-04-16 09:53:56,894  INFO [TestNG-test=AllTest-1] Maven_Saucedemo1V1:24 - clicked on filter
2022-04-16 09:53:56,895  INFO [TestNG-test=AllTest-1] Maven_Saucedemo1V1:25 - Price low to high
2022-04-16 09:53:56,981  INFO [TestNG-test=AllTest-1] Maven_Saucedemo1V1:28 - red t-shirt added to cart
2022-04-16 09:53:57,005  INFO [TestNG-test=AllTest-4] Maven_Saucedemo1V1:93 - browser closed
2022-04-16 09:53:57,117  INFO [TestNG-test=AllTest-1] Maven_Saucedemo1V1:31 - clicked on cart icon
2022-04-16 09:53:57,118  INFO [TestNG-test=AllTest-1] Maven_Saucedemo1V1:32 - moved to your cart page
2022-04-16 09:53:57,218  INFO [TestNG-test=AllTest-1] Maven_Saucedemo1V1:36 - clicked on remove
2022-04-16 09:53:57,419  INFO [TestNG-test=AllTest-1] Maven_Saucedemo1V1:85 - User Log out
2022-04-16 09:53:57,553  INFO [TestNG-test=AllTest-2] Maven_Saucedemo1V1:93 - browser closed
2022-04-16 09:53:57,632  INFO [TestNG-test=AllTest-3] Maven_Saucedemo1V1:60 - URL opened
2022-04-16 09:53:58,059  INFO [TestNG-test=AllTest-3] Maven_Saucedemo1V1:72 - credential passed
2022-04-16 09:53:58,060  INFO [TestNG-test=AllTest-3] Maven_Saucedemo1V1:73 - user login successfully
2022-04-16 09:53:59,555  INFO [TestNG-test=AllTest-1] Maven_Saucedemo1V1:93 - browser closed
2022-04-16 09:54:01,552  INFO [TestNG-test=AllTest-3] Maven_Saucedemo1V1:85 - User Log out
2022-04-16 09:54:01,905  INFO [TestNG-test=AllTest-3] Maven_Saucedemo1V1:72 - credential passed
2022-04-16 09:54:01,906  INFO [TestNG-test=AllTest-3] Maven_Saucedemo1V1:73 - user login successfully
2022-04-16 09:54:05,265  INFO [TestNG-test=AllTest-3] Maven_Saucedemo1V1:85 - User Log out
2022-04-16 09:54:05,660  INFO [TestNG-test=AllTest-3] Maven_Saucedemo1V1:72 - credential passed
2022-04-16 09:54:05,661  INFO [TestNG-test=AllTest-3] Maven_Saucedemo1V1:73 - user login successfully
2022-04-16 09:54:09,003  INFO [TestNG-test=AllTest-3] Maven_Saucedemo1V1:85 - User Log out
2022-04-16 09:54:09,375  INFO [TestNG-test=AllTest-3] Maven_Saucedemo1V1:72 - credential passed
2022-04-16 09:54:09,375  INFO [TestNG-test=AllTest-3] Maven_Saucedemo1V1:73 - user login successfully
2022-04-16 09:54:12,631  INFO [TestNG-test=AllTest-3] Maven_Saucedemo1V1:85 - User Log out
2022-04-16 09:54:13,871  INFO [TestNG-test=AllTest-3] Maven_Saucedemo1V1:93 - browser closed
2022-04-16 10:04:05,072  INFO [TestNG-test=LoginTest(failed)-1] Maven_Saucedemo1V1:42 - browser opened
2022-04-16 10:04:12,270  INFO [TestNG-test=LoginTest(failed)-1] Maven_Saucedemo1V1:62 - URL opened
2022-04-16 10:04:13,114  INFO [TestNG-test=LoginTest(failed)-1] Maven_Saucedemo1V1:75 - credential passed
2022-04-16 10:04:13,115  INFO [TestNG-test=LoginTest(failed)-1] Maven_Saucedemo1V1:76 - user login successfully
2022-04-16 10:04:16,865  INFO [TestNG-test=LoginTest(failed)-1] Maven_Saucedemo1V1:35 - login scenario case passed
2022-04-16 10:04:17,382  INFO [TestNG-test=LoginTest(failed)-1] Maven_Saucedemo1V1:88 - User Log out
2022-04-16 10:04:18,919  INFO [TestNG-test=LoginTest(failed)-1] Maven_Saucedemo1V1:97 - browser closed
2022-04-17 09:59:51,968  INFO [main] Maven_Saucedemo1V1:42 - browser opened
2022-04-17 09:59:57,270  INFO [main] Maven_Saucedemo1V1:62 - URL opened
2022-04-17 09:59:58,402  INFO [main] Maven_Saucedemo1V1:75 - credential passed
2022-04-17 09:59:58,403  INFO [main] Maven_Saucedemo1V1:76 - user login successfully
2022-04-17 10:00:02,756  INFO [main] Maven_Saucedemo1V1:88 - User Log out
2022-04-17 10:00:03,809  INFO [main] Maven_Saucedemo1V1:97 - browser closed
2022-04-17 10:07:40,154  INFO [main] Maven_Saucedemo1V1:44 - browser opened
2022-04-17 10:07:43,525  INFO [main] Maven_Saucedemo1V1:64 - URL opened
2022-04-17 10:07:44,528  INFO [main] Maven_Saucedemo1V1:77 - credential passed
2022-04-17 10:07:44,529  INFO [main] Maven_Saucedemo1V1:78 - user login successfully
2022-04-17 10:07:48,694  INFO [main] Maven_Saucedemo1V1:90 - User Log out
2022-04-17 10:07:49,364  INFO [main] Maven_Saucedemo1V1:99 - browser closed
2022-04-17 10:10:51,424  INFO [main] Maven_Saucedemo1V1:44 - browser opened
2022-04-17 10:10:56,156  INFO [main] Maven_Saucedemo1V1:64 - URL opened
2022-04-17 10:10:57,024  INFO [main] Maven_Saucedemo1V1:77 - credential passed
2022-04-17 10:10:57,024  INFO [main] Maven_Saucedemo1V1:78 - user login successfully
2022-04-17 10:11:01,270  INFO [main] Maven_Saucedemo1V1:90 - User Log out
2022-04-17 10:11:02,223  INFO [main] Maven_Saucedemo1V1:99 - browser closed
2022-04-17 10:12:41,137  INFO [main] Maven_Saucedemo1V1:44 - browser opened
2022-04-17 10:12:44,284  INFO [main] Maven_Saucedemo1V1:64 - URL opened
2022-04-17 10:12:44,987  INFO [main] Maven_Saucedemo1V1:77 - credential passed
2022-04-17 10:12:44,989  INFO [main] Maven_Saucedemo1V1:78 - user login successfully
2022-04-17 10:12:48,567  INFO [main] Maven_Saucedemo1V1:90 - User Log out
2022-04-17 10:12:49,191  INFO [main] Maven_Saucedemo1V1:99 - browser closed
2022-04-17 10:16:46,463  INFO [main] Maven_Saucedemo1V1:44 - browser opened
2022-04-17 10:16:50,529  INFO [main] Maven_Saucedemo1V1:64 - URL opened
2022-04-17 10:16:51,062  INFO [main] Maven_Saucedemo1V1:77 - credential passed
2022-04-17 10:16:51,063  INFO [main] Maven_Saucedemo1V1:78 - user login successfully
2022-04-17 10:16:56,199  INFO [main] Maven_Saucedemo1V1:90 - User Log out
2022-04-17 10:16:56,443  INFO [main] Maven_Saucedemo1V1:99 - browser closed
2022-04-17 10:19:06,587  INFO [main] Maven_Saucedemo1V1:44 - browser opened
2022-04-17 10:19:10,179  INFO [main] Maven_Saucedemo1V1:64 - URL opened
2022-04-17 10:19:10,800  INFO [main] Maven_Saucedemo1V1:77 - credential passed
2022-04-17 10:19:10,802  INFO [main] Maven_Saucedemo1V1:78 - user login successfully
2022-04-17 10:19:14,850  INFO [main] Maven_Saucedemo1V1:90 - User Log out
2022-04-17 10:19:15,519  INFO [main] Maven_Saucedemo1V1:99 - browser closed
2022-04-17 10:26:00,923  INFO [main] Maven_Saucedemo1V1:44 - browser opened
2022-04-17 10:26:04,980  INFO [main] Maven_Saucedemo1V1:64 - URL opened
2022-04-17 10:26:05,556  INFO [main] Maven_Saucedemo1V1:77 - credential passed
2022-04-17 10:26:05,558  INFO [main] Maven_Saucedemo1V1:78 - user login successfully
2022-04-17 10:26:09,530  INFO [main] Maven_Saucedemo1V1:90 - User Log out
2022-04-17 10:26:09,863  INFO [main] Maven_Saucedemo1V1:99 - browser closed
2022-04-17 10:26:11,893  INFO [main] Maven_Saucedemo1V1:44 - browser opened
2022-04-17 10:26:16,304  INFO [main] Maven_Saucedemo1V1:64 - URL opened
2022-04-17 10:26:16,887  INFO [main] Maven_Saucedemo1V1:77 - credential passed
2022-04-17 10:26:16,888  INFO [main] Maven_Saucedemo1V1:78 - user login successfully
2022-04-17 10:26:21,275  INFO [main] Maven_Saucedemo1V1:43 - clicked on filter
2022-04-17 10:26:21,276  INFO [main] Maven_Saucedemo1V1:44 - Price low to high
2022-04-17 10:26:21,352  INFO [main] Maven_Saucedemo1V1:47 - red t-shirt added to cart
2022-04-17 10:26:25,446  INFO [main] Maven_Saucedemo1V1:52 - text is -REMOVE
2022-04-17 10:26:26,400  INFO [main] Maven_Saucedemo1V1:90 - User Log out
2022-04-17 10:26:26,808  INFO [main] Maven_Saucedemo1V1:77 - credential passed
2022-04-17 10:26:26,809  INFO [main] Maven_Saucedemo1V1:78 - user login successfully
2022-04-17 10:26:33,980  INFO [main] Maven_Saucedemo1V1:71 - clicked on cart icon and moved to your cart
2022-04-17 10:26:33,992  INFO [main] Maven_Saucedemo1V1:78 - case passed
2022-04-17 10:26:34,208  INFO [main] Maven_Saucedemo1V1:90 - User Log out
2022-04-17 10:26:34,723  INFO [main] Maven_Saucedemo1V1:99 - browser closed
